<?xml version="1.0" encoding="UTF-8"?>
<!-- Generated by org.testng.reporters.JUnitXMLReporter -->
<testsuite ignored="2" hostname="Sainath" failures="0" tests="1" name="Default test" time="16.601" errors="0" timestamp="2024-04-26T15:31:12 IST">
  <testcase classname="tests.UpdateUserTest" name="testUpdateUser" time="5.645"/>
  <testcase classname="tests.UpdateUserTest" name="testUpdateCustomDetails" time="0.0">
    <ignored/>
  </testcase> <!-- testUpdateCustomDetails -->
  <testcase classname="tests.UpdateUserTest" name="testAddAttachment" time="0.0">
    <ignored/>
  </testcase> <!-- testAddAttachment -->
</testsuite> <!-- Default test -->
