<?xml version="1.0" encoding="UTF-8"?>
<testng-results ignored="2" total="3" passed="1" failed="0" skipped="0">
  <reporter-output>
  </reporter-output>
  <suite started-at="2024-04-26T15:30:55 IST" name="Default suite" finished-at="2024-04-26T15:31:12 IST" duration-ms="16601">
    <groups>
    </groups>
    <test started-at="2024-04-26T15:30:55 IST" name="Default test" finished-at="2024-04-26T15:31:12 IST" duration-ms="16601">
      <class name="tests.UpdateUserTest">
        <test-method is-config="true" signature="setup()[pri:0, instance:tests.UpdateUserTest@3e27ba32]" started-at="2024-04-26T15:30:55 IST" name="setup" finished-at="2024-04-26T15:31:06 IST" duration-ms="10925" status="PASS">
          <reporter-output>
          </reporter-output>
        </test-method> <!-- setup -->
        <test-method signature="testUpdateUser()[pri:0, instance:tests.UpdateUserTest@3e27ba32]" started-at="2024-04-26T15:31:06 IST" name="testUpdateUser" finished-at="2024-04-26T15:31:12 IST" duration-ms="5645" status="PASS">
          <reporter-output>
          </reporter-output>
        </test-method> <!-- testUpdateUser -->
        <test-method is-config="true" signature="quit(org.testng.ITestResult)[pri:0, instance:tests.UpdateUserTest@3e27ba32]" started-at="2024-04-26T15:31:12 IST" name="quit" finished-at="2024-04-26T15:31:12 IST" duration-ms="0" status="PASS">
          <params>
            <param index="0">
              <value>
                <![CDATA[[TestResult name=testUpdateUser status=SUCCESS method=UpdateUserTest.testUpdateUser()[pri:0, instance:tests.UpdateUserTest@3e27ba32] output={null}]]]>
              </value>
            </param>
          </params>
          <reporter-output>
          </reporter-output>
        </test-method> <!-- quit -->
      </class> <!-- tests.UpdateUserTest -->
    </test> <!-- Default test -->
  </suite> <!-- Default suite -->
</testng-results>
